code-creation,Stub,2,0x3f00a000,213,"JSEntryStub"
code-creation,Stub,2,0x3f00a0e0,213,"JSConstructEntryStub"
code-creation,Stub,2,0x3f00a1c0,622,"CEntryStub"
code-creation,Stub,2,0x3f00a440,97,"StoreBufferOverflowStub"
code-creation,Stub,2,0x3f00a4c0,79,"StubFailureTrampolineStub"
code-creation,Stub,2,0x3f00a520,80,"StubFailureTrampolineStub"
code-creation,Stub,2,0x3f00a580,1420,"RecordWriteStub"
code-creation,Stub,2,0x3f00ab20,1433,"RecordWriteStub"
code-creation,Stub,2,0x3f00b0c0,611,"RecordWriteStub"
code-creation,Stub,2,0x3f00b340,611,"RecordWriteStub"
code-creation,Stub,2,0x3f00b5c0,1433,"RecordWriteStub"
code-creation,Stub,2,0x3f00bb60,1433,"RecordWriteStub"
code-creation,Stub,2,0x3f00c100,1453,"RecordWriteStub"
code-creation,Stub,2,0x3f00c6c0,1461,"RecordWriteStub"
code-creation,Stub,2,0x3f00cc80,1433,"RecordWriteStub"
code-creation,Stub,2,0x3f00d220,1433,"RecordWriteStub"
code-creation,Stub,2,0x3f00d7c0,611,"RecordWriteStub"
code-creation,Stub,2,0x3f00da40,1437,"RecordWriteStub"
code-creation,Stub,2,0x3f00dfe0,1428,"RecordWriteStub"
code-creation,Stub,2,0x3f00e580,1448,"RecordWriteStub"
code-creation,Stub,2,0x3f00eb40,1453,"RecordWriteStub"
code-creation,Stub,2,0x3f00f100,1448,"RecordWriteStub"
code-creation,Stub,2,0x3f00f6c0,297,"ArrayNoArgumentConstructorStub"
code-creation,Stub,2,0x3f00f800,281,"ArrayNoArgumentConstructorStub"
code-creation,Stub,2,0x3f00f920,301,"ArrayNoArgumentConstructorStub"
code-creation,Stub,2,0x3f00fa60,285,"ArrayNoArgumentConstructorStub"
code-creation,Stub,2,0x3f00fb80,298,"ArrayNoArgumentConstructorStub"
code-creation,Stub,2,0x3f00fcc0,298,"ArrayNoArgumentConstructorStub"
code-creation,Stub,2,0x3f00fe00,285,"ArrayNoArgumentConstructorStub"
code-creation,Stub,2,0x3f00ff20,285,"ArrayNoArgumentConstructorStub"
code-creation,Stub,2,0x3f010040,582,"ArraySingleArgumentConstructorStub"
code-creation,Stub,2,0x3f0102a0,562,"ArraySingleArgumentConstructorStub"
code-creation,Stub,2,0x3f0104e0,586,"ArraySingleArgumentConstructorStub"
code-creation,Stub,2,0x3f010740,566,"ArraySingleArgumentConstructorStub"
code-creation,Stub,2,0x3f010980,606,"ArraySingleArgumentConstructorStub"
code-creation,Stub,2,0x3f010be0,606,"ArraySingleArgumentConstructorStub"
code-creation,Stub,2,0x3f010e40,566,"ArraySingleArgumentConstructorStub"
code-creation,Stub,2,0x3f011080,566,"ArraySingleArgumentConstructorStub"
code-creation,Stub,2,0x3f0112c0,488,"ArrayNArgumentsConstructorStub"
code-creation,Stub,2,0x3f0114c0,468,"ArrayNArgumentsConstructorStub"
code-creation,Stub,2,0x3f0116a0,488,"ArrayNArgumentsConstructorStub"
code-creation,Stub,2,0x3f0118a0,472,"ArrayNArgumentsConstructorStub"
code-creation,Stub,2,0x3f011a80,524,"ArrayNArgumentsConstructorStub"
code-creation,Stub,2,0x3f011ca0,524,"ArrayNArgumentsConstructorStub"
code-creation,Stub,2,0x3f011ec0,428,"ArrayNArgumentsConstructorStub"
code-creation,Stub,2,0x3f012080,428,"ArrayNArgumentsConstructorStub"
code-creation,Stub,2,0x3f012240,1456,"RecordWriteStub"
code-creation,Stub,2,0x3f012800,233,"CreateAllocationSiteStub"
code-creation,Builtin,3,0x3f012900,77,"Illegal"
code-creation,Builtin,3,0x3f012960,77,"EmptyFunction"
code-creation,Builtin,3,0x3f0129c0,77,"InternalArrayCodeGeneric"
code-creation,Builtin,3,0x3f012a20,77,"ArrayCodeGeneric"
code-creation,Builtin,3,0x3f012a80,77,"ArrayPush"
code-creation,Builtin,3,0x3f012ae0,77,"ArrayPop"
code-creation,Builtin,3,0x3f012b40,77,"ArrayShift"
code-creation,Builtin,3,0x3f012ba0,77,"ArrayUnshift"
code-creation,Builtin,3,0x3f012c00,77,"ArraySlice"
code-creation,Builtin,3,0x3f012c60,77,"ArraySplice"
code-creation,Builtin,3,0x3f012cc0,77,"ArrayConcat"
code-creation,Builtin,3,0x3f012d20,80,"HandleApiCall"
code-creation,Builtin,3,0x3f012d80,80,"HandleApiCallConstruct"
code-creation,Builtin,3,0x3f012de0,77,"HandleApiCallAsFunction"
code-creation,Builtin,3,0x3f012e40,77,"HandleApiCallAsConstructor"
code-creation,Builtin,3,0x3f012ea0,77,"StrictModePoisonPill"
code-creation,Builtin,3,0x3f012f00,174,"ArgumentsAdaptorTrampoline"
code-creation,Builtin,3,0x3f012fc0,75,"InRecompileQueue"
code-creation,Builtin,3,0x3f013020,101,"InstallRecompiledCode"
code-creation,Builtin,3,0x3f0130a0,491,"JSConstructStubCountdown"
code-creation,Builtin,3,0x3f0132a0,432,"JSConstructStubGeneric"
code-creation,Builtin,3,0x3f013460,406,"JSConstructStubApi"
code-creation,Builtin,3,0x3f013600,157,"JSEntryTrampoline"
code-creation,Stub,2,0x3f0136a0,148,"CallConstructStub"
code-creation,Builtin,3,0x3f013740,131,"JSConstructEntryTrampoline"
code-creation,Builtin,3,0x3f0137e0,101,"LazyCompile"
code-creation,Builtin,3,0x3f013860,101,"LazyRecompile"
code-creation,Builtin,3,0x3f0138e0,107,"ParallelRecompile"
code-creation,Builtin,3,0x3f013960,143,"NotifyDeoptimized"
code-creation,Builtin,3,0x3f013a00,143,"NotifySoftDeoptimized"
code-creation,Builtin,3,0x3f013aa0,143,"NotifyLazyDeoptimized"
code-creation,Builtin,3,0x3f013b40,94,"NotifyStubFailure"
code-creation,Builtin,3,0x3f013ba0,91,"NotifyOSR"
code-creation,Builtin,3,0x3f013c00,83,"LoadIC_Miss"
code-creation,Builtin,3,0x3f013c60,83,"KeyedLoadIC_Miss"
code-creation,Builtin,3,0x3f013cc0,83,"KeyedLoadIC_MissForceGeneric"
code-creation,Builtin,3,0x3f013d20,83,"KeyedLoadIC_Slow"
code-creation,Builtin,3,0x3f013d80,84,"StoreIC_Miss"
code-creation,Builtin,3,0x3f013de0,84,"StoreIC_Slow"
code-creation,Builtin,3,0x3f013e40,84,"KeyedStoreIC_Miss"
code-creation,Builtin,3,0x3f013ea0,84,"KeyedStoreIC_MissForceGeneric"
code-creation,Builtin,3,0x3f013f00,84,"KeyedStoreIC_Slow"
code-creation,Builtin,5,0x3f013f60,83,"LoadIC_Initialize"
code-creation,Builtin,5,0x3f013fc0,83,"LoadIC_PreMonomorphic"
code-creation,Stub,2,0x3f014020,740,"NameDictionaryLookupStub"
code-creation,Builtin,5,0x3f014320,313,"LoadIC_Normal"
code-creation,Builtin,5,0x3f014460,266,"LoadIC_Megamorphic"
code-creation,Builtin,5,0x3f014580,80,"LoadIC_Getter_ForDeopt"
code-creation,Builtin,5,0x3f0145e0,83,"LoadIC_Slow"
code-creation,Builtin,6,0x3f014640,83,"KeyedLoadIC_Initialize"
code-creation,Builtin,6,0x3f0146a0,83,"KeyedLoadIC_PreMonomorphic"
code-creation,Stub,2,0x3f014700,740,"NameDictionaryLookupStub"
code-creation,Builtin,6,0x3f014a00,896,"KeyedLoadIC_Generic"
code-creation,Builtin,6,0x3f014d80,499,"KeyedLoadIC_String"
code-creation,Builtin,6,0x3f014f80,144,"KeyedLoadIC_IndexedInterceptor"
code-creation,Builtin,6,0x3f015020,216,"KeyedLoadIC_NonStrictArguments"
code-creation,Builtin,9,0x3f015100,84,"StoreIC_Initialize"
code-creation,Stub,2,0x3f015160,740,"NameDictionaryLookupStub"
code-creation,Builtin,9,0x3f015460,365,"StoreIC_Normal"
code-creation,Builtin,9,0x3f0155e0,293,"StoreIC_Megamorphic"
code-creation,Builtin,9,0x3f015720,88,"StoreIC_Generic"
code-creation,Builtin,9,0x3f015780,88,"StoreIC_Generic_Strict"
code-creation,Builtin,9,0x3f0157e0,88,"StoreIC_GlobalProxy"
code-creation,Builtin,9,0x3f015840,84,"StoreIC_Initialize_Strict"
code-creation,Builtin,9,0x3f0158a0,365,"StoreIC_Normal_Strict"
code-creation,Builtin,9,0x3f015a20,293,"StoreIC_Megamorphic_Strict"
code-creation,Builtin,9,0x3f015b60,88,"StoreIC_GlobalProxy_Strict"
code-creation,Builtin,9,0x3f015bc0,82,"StoreIC_Setter_ForDeopt"
code-creation,Builtin,10,0x3f015c20,84,"KeyedStoreIC_Initialize"
code-creation,Builtin,10,0x3f015c80,2082,"KeyedStoreIC_Generic"
code-creation,Builtin,10,0x3f0164c0,84,"KeyedStoreIC_Initialize_Strict"
code-creation,Builtin,10,0x3f016520,2082,"KeyedStoreIC_Generic_Strict"
code-creation,Stub,2,0x3f016d60,1425,"RecordWriteStub"
code-creation,Builtin,10,0x3f017300,286,"KeyedStoreIC_NonStrictArguments"
code-creation,Builtin,3,0x3f017420,376,"FunctionCall"
code-creation,Builtin,3,0x3f0175a0,388,"FunctionApply"
code-creation,Stub,2,0x3f017740,229,"InternalArrayNoArgumentConstructorStub"
code-creation,Stub,2,0x3f017840,530,"InternalArraySingleArgumentConstructorStub"
code-creation,Stub,2,0x3f017a60,400,"InternalArrayNArgumentsConstructorStub"
code-creation,Stub,2,0x3f017c00,229,"InternalArrayNoArgumentConstructorStub"
code-creation,Stub,2,0x3f017d00,530,"InternalArraySingleArgumentConstructorStub"
code-creation,Stub,2,0x3f017f20,400,"InternalArrayNArgumentsConstructorStub"
code-creation,Stub,2,0x3f0180c0,169,"InternalArrayConstructorStub"
code-creation,Builtin,3,0x3f018180,78,"InternalArrayCode"
code-creation,Stub,2,0x3f0181e0,517,"ArrayConstructorStub"
code-creation,Builtin,3,0x3f018400,83,"ArrayCode"
code-creation,Builtin,3,0x3f018460,357,"StringConstructCode"
code-creation,Builtin,3,0x3f0185e0,359,"OnStackReplacement"
code-creation,Builtin,3,0x3f018760,101,"MakeQuadragenarianCodeYoungAgainOddMarking"
code-creation,Builtin,3,0x3f0187e0,101,"MakeQuadragenarianCodeYoungAgainEvenMarking"
code-creation,Builtin,3,0x3f018860,101,"MakeQuinquagenarianCodeYoungAgainOddMarking"
code-creation,Builtin,3,0x3f0188e0,101,"MakeQuinquagenarianCodeYoungAgainEvenMarking"
code-creation,Builtin,3,0x3f018960,101,"MakeSexagenarianCodeYoungAgainOddMarking"
code-creation,Builtin,3,0x3f0189e0,101,"MakeSexagenarianCodeYoungAgainEvenMarking"
code-creation,Builtin,3,0x3f018a60,101,"MakeSeptuagenarianCodeYoungAgainOddMarking"
code-creation,Builtin,3,0x3f018ae0,101,"MakeSeptuagenarianCodeYoungAgainEvenMarking"
code-creation,Builtin,3,0x3f018b60,101,"MakeOctogenarianCodeYoungAgainOddMarking"
code-creation,Builtin,3,0x3f018be0,101,"MakeOctogenarianCodeYoungAgainEvenMarking"
code-creation,Builtin,3,0x3f018c60,107,"Return_DebugBreak"
code-creation,Builtin,3,0x3f018ce0,104,"CallFunctionStub_DebugBreak"
code-creation,Builtin,3,0x3f018d60,106,"CallFunctionStub_Recording_DebugBreak"
code-creation,Builtin,3,0x3f018de0,110,"CallConstructStub_DebugBreak"
code-creation,Builtin,3,0x3f018e60,112,"CallConstructStub_Recording_DebugBreak"
code-creation,Builtin,5,0x3f018ee0,106,"LoadIC_DebugBreak"
code-creation,Builtin,6,0x3f018f60,106,"KeyedLoadIC_DebugBreak"
code-creation,Builtin,9,0x3f018fe0,108,"StoreIC_DebugBreak"
code-creation,Builtin,10,0x3f019060,108,"KeyedStoreIC_DebugBreak"
code-creation,Builtin,14,0x3f0190e0,104,"CompareNilIC_DebugBreak"
code-creation,Builtin,3,0x3f019160,105,"Slot_DebugBreak"
code-creation,Builtin,3,0x3f0191e0,65,"PlainReturn_LiveEdit"
code-creation,Builtin,3,0x3f019240,93,"FrameDropper_LiveEdit"
code-creation,Stub,2,0x3f0192a0,76,"StackCheckStub"
code-creation,Stub,2,0x3f019300,271,"CallConstructStub_Recording"
code-creation,Stub,2,0x3f019420,76,"InterruptStub"
code-creation,Script,0,0x3f019480,612,"native runtime.js",0x2540c2d0,
code-creation,Stub,14,0x3f019700,93,"CompareNilICStub(NullValue)(None)"
code-creation,CallInitialize,7,0x3f019760,178,"args_count: 1"
code-creation,CallInitialize,7,0x3f019820,178,"args_count: 2"
code-creation,LazyCompile,0,0x3f0198e0,1740,"EQUALS native runtime.js:54",0x2540aff0,
code-creation,LazyCompile,0,0x3f019fc0,376,"STRICT_EQUALS native runtime.js:108",0x2540b04c,
code-creation,Stub,2,0x3f01a140,216,"StringCompareStub"
code-creation,Stub,13,0x3f01a220,104,"CompareICStub"
code-creation,LazyCompile,0,0x3f01a2a0,924,"COMPARE native runtime.js:128",0x2540b0a8,
code-creation,Stub,2,0x3f01a640,1471,"StringAddStub"
code-creation,LazyCompile,0,0x3f01ac00,596,"ADD native runtime.js:171",0x2540b104,
code-creation,LazyCompile,0,0x3f01ae60,296,"SUB native runtime.js:222",0x2540b218,
code-creation,LazyCompile,0,0x3f01afa0,296,"MUL native runtime.js:230",0x2540b274,
code-creation,LazyCompile,0,0x3f01b0e0,296,"DIV native runtime.js:238",0x2540b2d0,
code-creation,LazyCompile,0,0x3f01b220,296,"MOD native runtime.js:246",0x2540b32c,
code-creation,LazyCompile,0,0x3f01b360,296,"BIT_OR native runtime.js:260",0x2540b388,
code-creation,LazyCompile,0,0x3f01b4a0,384,"BIT_AND native runtime.js:268",0x2540b3e4,
code-creation,LazyCompile,0,0x3f01b620,296,"BIT_XOR native runtime.js:290",0x2540b440,
code-creation,LazyCompile,0,0x3f01b760,244,"UNARY_MINUS native runtime.js:298",0x2540b49c,
code-creation,LazyCompile,0,0x3f01b860,244,"BIT_NOT native runtime.js:305",0x2540b4f8,
code-creation,LazyCompile,0,0x3f01b960,296,"SHL native runtime.js:312",0x2540b554,
code-creation,LazyCompile,0,0x3f01baa0,384,"SAR native runtime.js:320",0x2540b5b0,
code-creation,LazyCompile,0,0x3f01bc20,296,"SHR native runtime.js:342",0x2540b60c,
code-creation,LazyCompile,0,0x3f01bd60,228,"DELETE native runtime.js:356",0x2540b668,
code-creation,Stub,2,0x3f01be60,245,"StoreArrayLiteralElementStub"
code-creation,LazyCompile,0,0x3f01bf60,368,"IN native runtime.js:362",0x2540b6c4,
code-creation,Stub,13,0x3f01c0e0,104,"CompareICStub"
code-creation,Stub,15,0x3f01c160,93,"ToBooleanStub(None)"
code-creation,LazyCompile,0,0x3f01c1c0,644,"INSTANCE_OF native runtime.js:375",0x2540b720,
code-creation,LazyCompile,0,0x3f01c460,236,"FILTER_KEY native runtime.js:406",0x2540b77c,
code-creation,Stub,2,0x3f01c560,351,"ArgumentsAccessStub_NewNonStrictFast"
code-creation,LazyCompile,0,0x3f01c6c0,380,"CALL_NON_FUNCTION native runtime.js:413",0x2540b7d8,
code-creation,LazyCompile,0,0x3f01c840,380,"CALL_NON_FUNCTION_AS_CONSTRUCTOR native runtime.js:422",0x2540b834,
code-creation,Stub,12,0x3f01c9c0,88,"BinaryOpStub_SUB_Alloc_Uninitialized+Uninitialized"
code-creation,Stub,2,0x3f01ca20,130,"ArgumentsAccessStub_ReadElement"
code-creation,LazyCompile,0,0x3f01cac0,288,"CALL_FUNCTION_PROXY native runtime.js:431",0x2540b890,
code-creation,LazyCompile,0,0x3f01cbe0,260,"CALL_FUNCTION_PROXY_AS_CONSTRUCTOR native runtime.js:439",0x2540b8ec,
code-creation,LazyCompile,0,0x3f01cd00,188,"TO_OBJECT native runtime.js:490",0x2540ba00,
code-creation,LazyCompile,0,0x3f01cdc0,188,"TO_NUMBER native runtime.js:496",0x2540ba5c,
code-creation,LazyCompile,0,0x3f01ce80,188,"TO_STRING native runtime.js:502",0x2540bab8,
code-creation,Stub,2,0x3f01cf40,195,"NumberToStringStub"
code-creation,LazyCompile,0,0x3f01d020,572,"STRING_ADD_LEFT native runtime.js:191",0x2540b160,
code-creation,LazyCompile,0,0x3f01d260,580,"STRING_ADD_RIGHT native runtime.js:206",0x2540b1bc,
code-creation,Stub,13,0x3f01d4c0,104,"CompareICStub"
code-creation,Stub,13,0x3f01d540,104,"CompareICStub"
code-creation,Stub,13,0x3f01d5c0,104,"CompareICStub"
code-creation,LazyCompile,0,0x3f01d640,912,"APPLY_PREPARE native runtime.js:446",0x2540b948,
code-creation,LazyCompile,0,0x3f01d9e0,232,"APPLY_OVERFLOW native runtime.js:484",0x2540b9a4,
code-creation,CallInitialize,7,0x3f01dae0,180,"args_count: 0"
code-creation,CallInitialize,7,0x3f01dba0,180,"args_count: 12"
code-creation,CallInitialize,7,0x3f01dc60,189,"args_count: 38"
code-creation,CallInitialize,7,0x3f01dd20,180,"args_count: 3"
code-creation,Script,0,0x3f01dde0,1084,"native v8natives.js",0x2540ff78,
code-creation,CallPreMonomorphic,7,0x3f01e220,180,"args_count: 0"
code-creation,CallInitialize,7,0x3f01e2e0,180,"args_count: 10"
code-creation,LazyCompile,0,0x3f01e3a0,452,"SetUpGlobal native v8natives.js:197",0x2540db94,
code-creation,CallPreMonomorphic,7,0x3f01e580,180,"args_count: 10"
code-creation,CallPreMonomorphic,7,0x3f01e640,180,"args_count: 3"
code-creation,Stub,12,0x3f01e700,88,"BinaryOpStub_SAR_Alloc_Uninitialized+Uninitialized"
code-creation,Stub,12,0x3f01e760,88,"BinaryOpStub_ADD_Alloc_Uninitialized+Uninitialized"
code-creation,LazyCompile,0,0x3f01e7c0,564,"InstallFunctions native v8natives.js:46",0x2540d858,
code-creation,Stub,13,0x3f01ea00,122,"CompareICStub"
code-creation,Stub,12,0x3f01ea80,155,"BinaryOpStub_SAR_Alloc_Smi+Smi"
code-creation,Stub,13,0x3f01eb20,122,"CompareICStub"
code-creation,Stub,2,0x3f01eba0,328,"KeyedLoadElementStub"
code-creation,KeyedLoadIC,6,0x3f01ed00,91,""
code-creation,Stub,12,0x3f01ed60,146,"BinaryOpStub_ADD_Alloc_Smi+Smi"
code-creation,Stub,2,0x3f01ee00,76,"LoadFieldStub"
code-creation,LoadIC,5,0x3f01ee60,93,"length"
code-creation,CallPreMonomorphic,7,0x3f01eec0,180,"args_count: 12"
code-creation,CallPreMonomorphic,7,0x3f01ef80,189,"args_count: 38"
code-creation,Stub,12,0x3f01f040,88,"BinaryOpStub_ADD_OverwriteLeft_Uninitialized+Uninitialized"
code-creation,Stub,2,0x3f01f0a0,204,"ToNumberStub"
code-creation,LazyCompile,0,0x3f01f180,820,"SetUpLockedPrototype native v8natives.js:87",0x2540d96c,
code-creation,Stub,15,0x3f01f4c0,148,"ToBooleanStub(SpecObject)"
code-creation,Stub,12,0x3f01f560,146,"BinaryOpStub_ADD_OverwriteLeft_Smi+Smi"
code-creation,CallInitialize,7,0x3f01f600,180,"args_count: 20"
code-creation,CallInitialize,7,0x3f01f6c0,180,"args_count: 4"
code-creation,CallInitialize,7,0x3f01f780,180,"args_count: 28"
code-creation,LazyCompile,0,0x3f01f840,1044,"SetUpObject native v8natives.js:1385",0x2540ee44,
code-creation,CallInitialize,7,0x3f01fc60,180,"args_count: 1"
code-creation,LazyCompile,0,0x3f01fd20,308,"ObjectConstructor native v8natives.js:1371",0x2540ede8,
code-creation,LazyCompile,0,0x3f01fd20,308,"ObjectConstructor native v8natives.js:1371",0x2540ede8,
code-creation,CallPreMonomorphic,7,0x3f01fe60,180,"args_count: 20"
code-creation,CallPreMonomorphic,7,0x3f01ff20,180,"args_count: 4"
code-creation,LazyCompile,0,0x3f01ffe0,304,"InstallGetterSetter native v8natives.js:72",0x2540d910,
code-creation,CallPreMonomorphic,7,0x3f020120,180,"args_count: 28"
code-creation,LazyCompile,0,0x3f0201e0,448,"SetUpBoolean native v8natives.js:1472",0x2540efb4,
code-creation,LazyCompile,0,0x3f0203a0,292,"BooleanConstructor native v8natives.js:1437",0x2540eea0,
code-creation,LazyCompile,0,0x3f0203a0,292,"BooleanConstructor native v8natives.js:1437",0x2540eea0,
code-creation,CallPreMonomorphic,7,0x3f0204e0,180,"args_count: 1"
code-creation,LazyCompile,0,0x3f0205a0,404,"ToBoolean native runtime.js:526",0x2540bb70,
code-creation,LazyCompile,0,0x3f020740,924,"SetUpNumber native v8natives.js:1635",0x2540f34c,
code-creation,LazyCompile,0,0x3f020ae0,336,"NumberConstructor native v8natives.js:1491",0x2540f010,
code-creation,LazyCompile,0,0x3f020ae0,336,"NumberConstructor native v8natives.js:1491",0x2540f010,
code-creation,Stub,13,0x3f020c40,116,"CompareICStub"
code-creation,LazyCompile,0,0x3f020cc0,504,"ToNumber native runtime.js:536",0x2540bbcc,
code-creation,LazyCompile,0,0x3f020ec0,380,"SetUpFunction native v8natives.js:1826",0x2540f574,
code-creation,Stub,2,0x3f021040,160,"FastNewContextStub"
code-creation,Stub,2,0x3f0210e0,1420,"RecordWriteStub"
code-creation,CallInitialize,7,0x3f021680,180,"args_count: 2"
code-creation,LazyCompile,0,0x3f021740,440,"FunctionConstructor native v8natives.js:1813",0x2540f518,
code-creation,LazyCompile,0,0x3f021740,440,"FunctionConstructor native v8natives.js:1813",0x2540f518,
code-creation,Script,0,0x3f021900,268,"native array.js",0x25412a38,
code-creation,Stub,2,0x3f021a20,304,"FastNewClosureStub"
code-creation,Stub,2,0x3f021b60,331,"CallFunctionStub_Args2_Recording"
code-creation,Stub,2,0x3f021cc0,331,"CallFunctionStub_Args3_Recording"
code-creation,CallInitialize,7,0x3f021e20,189,"args_count: 42"
code-creation,CallInitialize,7,0x3f021ee0,180,"args_count: 6"
code-creation,LazyCompile,0,0x3f021fa0,2272,"SetUpArray native array.js:1591",0x25412840,
code-creation,CallPreMonomorphic,7,0x3f022880,180,"args_count: 2"
code-creation,LazyCompile,0,0x3f022940,292,"SetUpArray.b native array.js:1605",0x25413514,
code-creation,CallPreMonomorphic,7,0x3f022a80,178,"args_count: 1"
code-creation,LazyCompile,0,0x3f022b40,404,"hasOwnProperty native v8natives.js:251",0x2540dd04,
code-creation,Stub,15,0x3f022ce0,136,"ToBooleanStub(Bool)"
code-creation,LazyCompile,0,0x3f022d80,220,"ToName native runtime.js:578",0x2540bd3c,
code-creation,LazyCompile,0,0x3f022e60,416,"ToString native runtime.js:561",0x2540bc84,
code-creation,CallMiss,7,0x3f023000,178,"args_count: 1"
code-creation,CallIC,7,0x3f0230c0,136,"hasOwnProperty"
code-creation,CallMiss,7,0x3f023160,180,"args_count: 1"
code-creation,CallIC,7,0x3f023220,136,"ToName"
code-creation,CallIC,7,0x3f0232c0,135,"ToString"
code-creation,Stub,2,0x3f023360,75,"push"
code-creation,KeyedLoadIC,6,0x3f0233c0,105,"push"
code-creation,Stub,2,0x3f023440,75,"concat"
code-creation,CallPreMonomorphic,7,0x3f0234a0,189,"args_count: 42"
code-creation,Stub,5,0x3f023560,145,"FunctionPrototypeStub"
code-creation,LoadIC,5,0x3f023600,93,"length"
code-creation,LoadPolymorphicIC,5,0x3f023660,105,"length"
code-creation,CallPreMonomorphic,7,0x3f0236e0,180,"args_count: 6"
code-creation,Stub,2,0x3f0237a0,273,"FastCloneShallowArrayStub"
code-creation,Script,0,0x3f0238c0,408,"native string.js",0x25414f0c,
code-creation,CallInitialize,7,0x3f023a60,189,"args_count: 70"
code-creation,LazyCompile,0,0x3f023b20,1132,"SetUpString native string.js:962",0x25414cb8,
code-creation,LazyCompile,0,0x3f023fa0,380,"StringConstructor native string.js:35",0x25413d44,
code-creation,LazyCompile,0,0x3f023fa0,380,"StringConstructor native string.js:35",0x25413d44,
code-creation,CallPreMonomorphic,7,0x3f024120,189,"args_count: 70"
code-creation,Script,0,0x3f0241e0,264,"native uri.js",0x254162dc,
code-creation,LazyCompile,0,0x3f024300,336,"SetUpUri native uri.js:442",0x254161a4,
code-creation,Script,0,0x3f024460,340,"native math.js",0x254170d8,
code-creation,LazyCompile,0,0x3f0245c0,164,"MathConstructor native math.js:40",0x25416848,
code-creation,LazyCompile,0,0x3f024680,1112,"SetUpMath native math.js:226",0x25416f78,
code-creation,CallInitialize,7,0x3f024ae0,180,"args_count: 7"
code-creation,CallInitialize,7,0x3f024ba0,180,"args_count: 14"
code-creation,CallInitialize,7,0x3f024c60,180,"args_count: 5"
code-creation,CallInitialize,7,0x3f024d20,189,"args_count: 32"
code-creation,Script,0,0x3f024de0,1880,"native messages.js",0x2541a4c8,
code-creation,LazyCompile,0,0x3f025540,216," native messages.js:294",0x2541a428,
code-creation,LazyCompile,0,0x3f025540,216," native messages.js:294",0x2541a428,
code-creation,CallPreMonomorphic,7,0x3f025620,180,"args_count: 7"
code-creation,CallPreMonomorphic,7,0x3f0256e0,180,"args_count: 14"
code-creation,CallPreMonomorphic,7,0x3f0257a0,180,"args_count: 5"
code-creation,CallPreMonomorphic,7,0x3f025860,189,"args_count: 32"
code-creation,Stub,2,0x3f025920,331,"CallFunctionStub_Args1_Recording"
code-creation,LazyCompile,0,0x3f025a80,460,"SetUpError native messages.js:1178",0x2541a03c,
code-creation,LazyCompile,0,0x3f025c60,692,"SetUpError.a native messages.js:1181",0x2541b4c8,
code-creation,Stub,2,0x3f025f20,1447,"StringAddStub"
code-creation,Stub,12,0x3f0264e0,124,"BinaryOpStub_ADD_Alloc_String+String"
code-creation,Stub,13,0x3f026560,141,"CompareICStub"
code-creation,LazyCompile,0,0x3f026600,164,"d native messages.js:1197",0x2541b814,
code-creation,LazyCompile,0,0x3f0266c0,360," native messages.js:1207",0x2541b870,
code-creation,LazyCompile,0,0x3f0266c0,360," native messages.js:1207",0x2541b870,
code-creation,LoadIC,5,0x3f026840,110,"global"
code-creation,LoadIC,5,0x3f0268c0,110,"builtins"
code-creation,Stub,2,0x3f026940,166,"FastNewContextStub"
code-creation,LazyCompile,0,0x3f026a00,580,"captureStackTrace native messages.js:1138",0x25419fe0,
code-creation,Stub,15,0x3f026c60,128,"ToBooleanStub(Undefined)"
code-creation,LazyCompile,0,0x3f0266c0,360," native messages.js:1207",0x2541b870,
code-creation,LoadIC,5,0x3f026ce0,110,"$Error"
code-creation,CallMiss,7,0x3f026d60,180,"args_count: 2"
code-creation,CallIC,7,0x3f026e20,136,"captureStackTrace"
code-creation,Stub,2,0x3f026ec0,121,""
code-creation,LoadIC,5,0x3f026f40,93,"stackTraceLimit"
code-creation,LazyCompile,0,0x3f0266c0,360," native messages.js:1207",0x2541b870,
code-creation,LazyCompile,0,0x3f0266c0,360," native messages.js:1207",0x2541b870,
code-creation,LazyCompile,0,0x3f0266c0,360," native messages.js:1207",0x2541b870,
code-creation,LazyCompile,0,0x3f0266c0,360," native messages.js:1207",0x2541b870,
code-creation,LazyCompile,0,0x3f0266c0,360," native messages.js:1207",0x2541b870,
code-creation,Stub,14,0x3f026fa0,128,"CompareNilICStub(NullValue)(Undefined)"
code-creation,LazyCompile,0,0x3f027020,408,"SetUpStackOverflowBoilerplate native messages.js:1306",0x2541a1ac,
code-creation,LazyCompile,0,0x3f0271c0,200,"MakeRangeError native messages.js:335",0x25419124,
code-creation,LazyCompile,0,0x3f0272a0,280,"MakeGenericError native messages.js:282",0x25418f58,
code-creation,LazyCompile,0,0x3f0273c0,264,"FormatMessage native messages.js:301",0x25418fb4,
code-creation,Stub,12,0x3f0274e0,88,"BinaryOpStub_SHR_OverwriteLeft_Uninitialized+Uninitialized"
code-creation,LazyCompile,0,0x3f027540,1432,"FormatString native messages.js:187",0x25418d8c,
code-creation,Stub,2,0x3f027ae0,121,""
code-creation,LoadPolymorphicIC,5,0x3f027b60,105,"stackTraceLimit"
code-creation,Stub,12,0x3f027be0,124,"BinaryOpStub_ADD_OverwriteLeft_String+String"
code-creation,Script,0,0x3f027c60,280,"native apinatives.js",0x2541c050,
code-creation,Script,0,0x3f027d80,616,"native date.js",0x2541dd9c,
code-creation,CallInitialize,7,0x3f028000,189,"args_count: 92"
code-creation,LazyCompile,0,0x3f0280c0,1396,"SetUpDate native date.js:761",0x2541daa4,
code-creation,CallInitialize,7,0x3f028640,178,"args_count: 0"
code-creation,Stub,13,0x3f028700,104,"CompareICStub"
code-creation,LazyCompile,0,0x3f028780,1392,"DateConstructor native date.js:141",0x2541c570,
code-creation,LazyCompile,0,0x3f028780,1392,"DateConstructor native date.js:141",0x2541c570,
code-creation,CallPreMonomorphic,7,0x3f028d00,189,"args_count: 92"
code-creation,Script,0,0x3f028dc0,264,"native json.js",0x2541f170,
code-creation,LazyCompile,0,0x3f028ee0,260,"SetUpJSON native json.js:219",0x2541f03c,
code-creation,Script,0,0x3f029000,404,"native regexp.js",0x2541fba4,
code-creation,CallInitialize,7,0x3f0291a0,180,"args_count: 8"
code-creation,LazyCompile,0,0x3f029260,1564,"SetUpRegExp native regexp.js:400",0x2541fa5c,
code-creation,LazyCompile,0,0x3f029880,324,"RegExpConstructor native regexp.js:90",0x2541f554,
code-creation,LazyCompile,0,0x3f029880,324,"RegExpConstructor native regexp.js:90",0x2541f554,
code-creation,CallPreMonomorphic,7,0x3f0299e0,180,"args_count: 8"
code-creation,Stub,2,0x3f029aa0,1664,"StringAddStub"
code-creation,Stub,2,0x3f02a120,1661,"StringAddStub"
code-creation,Stub,12,0x3f02a7a0,133,"BinaryOpStub_ADD_Alloc_String+Smi"
code-creation,CallPreMonomorphic,7,0x3f02a840,178,"args_count: 2"
code-creation,LazyCompile,0,0x3f02a900,600,"ToPrimitive native runtime.js:514",0x2540bb14,
code-creation,LazyCompile,0,0x3f02ab60,224,"RegExpMakeCaptureGetter native regexp.js:360",0x2541fa00,
code-creation,LoadIC,5,0x3f02ac40,110,"$RegExp"
code-creation,Stub,13,0x3f02acc0,479,"CompareICStub"
code-creation,CallIC,7,0x3f02aea0,136,"RegExpMakeCaptureGetter"
code-creation,Function,0,0x3f02af40,136,"whats_the_meaning_of_life secret/secret.bin:1",0x254205b4,
code-creation,Script,0,0x3f02afe0,152,"secret/secret.bin",0x25420648,
snapshot-code-name,4535,"Stub:ArraySingleArgumentConstructorStub"
snapshot-code-name,5404,"Stub:CEntryStub"
snapshot-code-name,6304,"Stub:StringAddStub"
snapshot-code-name,8142,"Stub:RecordWriteStub"
snapshot-code-name,9713,"Stub:StoreBufferOverflowStub"
snapshot-code-name,9978,"Stub:RecordWriteStub"
snapshot-code-name,11730,"Stub:ArraySingleArgumentConstructorStub"
snapshot-code-name,12605,"Stub:CompareICStub"
snapshot-code-name,12775,"Stub:RecordWriteStub"
snapshot-code-name,14440,"Stub:RecordWriteStub"
snapshot-code-name,15153,"Stub:InterruptStub"
snapshot-code-name,15289,"Stub:ArrayNArgumentsConstructorStub"
snapshot-code-name,15959,"Stub:LoadFieldStub"
snapshot-code-name,16082,"Stub:CompareICStub"
snapshot-code-name,16255,"Stub:ArgumentsAccessStub_ReadElement"
snapshot-code-name,16458,"Stub:FastNewContextStub"
snapshot-code-name,16686,"Stub:CompareNilICStub(NullValue)(None)"
snapshot-code-name,16825,"Stub:StoreArrayLiteralElementStub"
snapshot-code-name,17117,"Stub:RecordWriteStub"
snapshot-code-name,18818,"Stub:ArrayNoArgumentConstructorStub"
snapshot-code-name,19264,"Stub:FastNewContextStub"
snapshot-code-name,19520,"Stub:ArrayNoArgumentConstructorStub"
snapshot-code-name,19936,"Stub:CompareICStub"
snapshot-code-name,20139,"Stub:RecordWriteStub"
snapshot-code-name,20850,"Stub:ArrayNArgumentsConstructorStub"
snapshot-code-name,21520,"Stub:CompareICStub"
snapshot-code-name,21694,"Stub:CreateAllocationSiteStub"
snapshot-code-name,22018,"Stub:RecordWriteStub"
snapshot-code-name,23730,"Stub:BinaryOpStub_ADD_OverwriteLeft_Smi+Smi"
snapshot-code-name,23932,"Stub:StubFailureTrampolineStub"
snapshot-code-name,24063,"Stub:InternalArrayNoArgumentConstructorStub"
snapshot-code-name,24380,"Stub:RecordWriteStub"
snapshot-code-name,26077,"Stub:InternalArraySingleArgumentConstructorStub"
snapshot-code-name,26848,"Stub:RecordWriteStub"
snapshot-code-name,27563,"Stub:InternalArrayNArgumentsConstructorStub"
snapshot-code-name,28074,"Stub:JSConstructEntryStub"
snapshot-code-name,28419,"Stub:CompareICStub"
snapshot-code-name,28591,"Stub:BinaryOpStub_ADD_OverwriteLeft_String+String"
snapshot-code-name,28741,"Stub:StringAddStub"
snapshot-code-name,30454,"Stub:InternalArrayNoArgumentConstructorStub"
snapshot-code-name,30786,"Stub:InternalArraySingleArgumentConstructorStub"
snapshot-code-name,31557,"Stub:StringAddStub"
snapshot-code-name,33251,"Stub:FastCloneShallowArrayStub"
snapshot-code-name,33694,"Stub:ArrayNoArgumentConstructorStub"
snapshot-code-name,34106,"Stub:BinaryOpStub_SUB_Alloc_Uninitialized+Uninitialized"
snapshot-code-name,34243,"Stub:StackCheckStub"
snapshot-code-name,34382,"Stub:RecordWriteStub"
snapshot-code-name,36044,"Stub:ArraySingleArgumentConstructorStub"
snapshot-code-name,36922,"Stub:CompareICStub"
snapshot-code-name,37092,"Stub:CallFunctionStub_Args3_Recording"
snapshot-code-name,37491,"Builtin:ArgumentsAdaptorTrampoline"
snapshot-code-name,37730,"Stub:RecordWriteStub"
snapshot-code-name,39395,"Stub:CompareICStub"
snapshot-code-name,39568,"Stub:NumberToStringStub"
snapshot-code-name,39844,"Stub:ToBooleanStub(SpecObject)"
snapshot-code-name,40095,"Stub:ArgumentsAccessStub_NewNonStrictFast"
snapshot-code-name,40515,"Stub:ArraySingleArgumentConstructorStub"
snapshot-code-name,41360,"Stub:ArrayNoArgumentConstructorStub"
snapshot-code-name,41773,"Stub:RecordWriteStub"
snapshot-code-name,43437,"Stub:StubFailureTrampolineStub"
snapshot-code-name,43567,"Stub:BinaryOpStub_ADD_Alloc_String+Smi"
snapshot-code-name,43756,"Stub:StringAddStub"
snapshot-code-name,45678,"Stub:NameDictionaryLookupStub"
snapshot-code-name,46526,"Stub:ArraySingleArgumentConstructorStub"
snapshot-code-name,47374,"Stub:NameDictionaryLookupStub"
snapshot-code-name,48218,"Stub:CompareICStub"
snapshot-code-name,48388,"Stub:CallFunctionStub_Args2_Recording"
snapshot-code-name,48814,"Stub:ArrayNoArgumentConstructorStub"
snapshot-code-name,49227,"Stub:RecordWriteStub"
snapshot-code-name,50888,"Stub:BinaryOpStub_ADD_Alloc_Smi+Smi"
snapshot-code-name,51094,"Stub:CallConstructStub_Recording"
snapshot-code-name,51443,"Stub:ToBooleanStub(Bool)"
snapshot-code-name,51701,"Stub:ArraySingleArgumentConstructorStub"
snapshot-code-name,52546,"Stub:NameDictionaryLookupStub"
snapshot-code-name,53394,"Stub:RecordWriteStub"
snapshot-code-name,55059,"Stub:ArraySingleArgumentConstructorStub"
snapshot-code-name,55904,"Stub:ArrayNArgumentsConstructorStub"
snapshot-code-name,56616,"Stub:ToBooleanStub(Undefined)"
snapshot-code-name,56835,"Stub:BinaryOpStub_ADD_OverwriteLeft_Uninitialized+Uninitialized"
snapshot-code-name,56970,"Stub:ArrayNoArgumentConstructorStub"
snapshot-code-name,57418,"Stub:KeyedLoadElementStub"
snapshot-code-name,57904,"Stub:RecordWriteStub"
snapshot-code-name,59569,"Stub:CallFunctionStub_Args1_Recording"
snapshot-code-name,59991,"Stub:FunctionPrototypeStub"
snapshot-code-name,60174,"Builtin:LoadIC_Miss"
snapshot-code-name,60314,"Stub:CompareICStub"
snapshot-code-name,60487,"Stub:ArrayNoArgumentConstructorStub"
snapshot-code-name,60936,"Stub:FastNewClosureStub"
snapshot-code-name,61345,"Stub:RecordWriteStub"
snapshot-code-name,63007,"Stub:ArrayNArgumentsConstructorStub"
snapshot-code-name,63615,"Stub:BinaryOpStub_SHR_OverwriteLeft_Uninitialized+Uninitialized"
snapshot-code-name,63752,"Stub:StringCompareStub"
snapshot-code-name,64023,"Stub:CompareNilICStub(NullValue)(Undefined)"
snapshot-code-name,64252,"Stub:ToBooleanStub(None)"
snapshot-code-name,64393,"Stub:BinaryOpStub_SAR_Alloc_Uninitialized+Uninitialized"
snapshot-code-name,64528,"Stub:RecordWriteStub"
snapshot-code-name,66192,"Stub:BinaryOpStub_SAR_Alloc_Smi+Smi"
snapshot-code-name,66413,"Stub:ArrayConstructorStub"
snapshot-code-name,67026,"Stub:ArrayNoArgumentConstructorStub"
snapshot-code-name,67489,"Stub:ArraySingleArgumentConstructorStub"
snapshot-code-name,68391,"Stub:ArrayNArgumentsConstructorStub"
snapshot-code-name,69094,"Stub:ArrayNArgumentsConstructorStub"
snapshot-code-name,69829,"Stub:ArrayNArgumentsConstructorStub"
snapshot-code-name,70564,"Stub:ArrayNArgumentsConstructorStub"
snapshot-code-name,71215,"Stub:RecordWriteStub"
snapshot-code-name,72879,"Stub:BinaryOpStub_ADD_Alloc_Uninitialized+Uninitialized"
snapshot-code-name,73031,"Stub:JSEntryStub"
snapshot-code-name,73380,"Stub:RecordWriteStub"
snapshot-code-name,75098,"Stub:InternalArrayNArgumentsConstructorStub"
snapshot-code-name,75609,"Stub:ToNumberStub"
snapshot-code-name,75874,"Stub:InternalArrayConstructorStub"
snapshot-code-name,76141,"Stub:CompareICStub"
snapshot-code-name,76311,"Stub:BinaryOpStub_ADD_Alloc_String+String"
snapshot-code-name,76521,"Stub:CallConstructStub"
snapshot-code-name,76720,"Stub:CompareICStub"
snapshot-code-name,77315,"CallPreMonomorphic:42"
snapshot-code-name,77558,"CallInitialize:8"
snapshot-code-name,77801,"CallPreMonomorphic:2"
snapshot-code-name,78047,"CallPreMonomorphic:14"
snapshot-code-name,78293,"CallPreMonomorphic:10"
snapshot-code-name,78540,"CallPreMonomorphic:20"
snapshot-code-name,78786,"CallPreMonomorphic:92"
snapshot-code-name,79032,"CallPreMonomorphic:12"
snapshot-code-name,79278,"CallPreMonomorphic:32"
snapshot-code-name,79521,"CallPreMonomorphic:2"
snapshot-code-name,79764,"CallPreMonomorphic:7"
snapshot-code-name,80010,"CallInitialize:14"
snapshot-code-name,80256,"CallInitialize:38"
snapshot-code-name,80503,"CallPreMonomorphic:8"
snapshot-code-name,80749,"CallPreMonomorphic:5"
snapshot-code-name,80995,"CallInitialize:2"
snapshot-code-name,81238,"CallInitialize:12"
snapshot-code-name,81481,"CallInitialize:2"
snapshot-code-name,81724,"CallInitialize:42"
snapshot-code-name,81967,"CallMiss:1"
snapshot-code-name,82213,"CallInitialize:0"
snapshot-code-name,82456,"CallPreMonomorphic:38"
snapshot-code-name,82702,"CallInitialize:28"
snapshot-code-name,82948,"CallPreMonomorphic:0"
snapshot-code-name,83195,"CallInitialize:70"
snapshot-code-name,83442,"CallPreMonomorphic:3"
snapshot-code-name,83685,"CallInitialize:10"
snapshot-code-name,83932,"CallPreMonomorphic:1"
snapshot-code-name,84175,"CallInitialize:5"
snapshot-code-name,84418,"CallMiss:1"
snapshot-code-name,84664,"CallInitialize:6"
snapshot-code-name,84910,"CallPreMonomorphic:28"
snapshot-code-name,85157,"CallInitialize:32"
snapshot-code-name,85400,"CallPreMonomorphic:1"
snapshot-code-name,85643,"CallPreMonomorphic:4"
snapshot-code-name,85886,"CallInitialize:0"
snapshot-code-name,86132,"CallMiss:2"
snapshot-code-name,86379,"CallInitialize:1"
snapshot-code-name,86622,"CallPreMonomorphic:70"
snapshot-code-name,86865,"CallPreMonomorphic:6"
snapshot-code-name,87109,"CallInitialize:92"
snapshot-code-name,87356,"CallInitialize:4"
snapshot-code-name,87603,"CallInitialize:1"
snapshot-code-name,87850,"CallInitialize:3"
snapshot-code-name,88097,"CallInitialize:20"
snapshot-code-name,88344,"CallInitialize:7"
snapshot-code-name,109940,"Builtin:Return_DebugBreak"
snapshot-code-name,110109,"Builtin:Slot_DebugBreak"
snapshot-code-name,110335,"Builtin:EmptyFunction"
snapshot-code-name,110469,"Builtin:JSConstructStubGeneric"
snapshot-code-name,111145,"Script:native uri.js"
snapshot-code-name,111627,"Builtin:LazyCompile"
snapshot-code-name,115617,"LazyCompile:SetUpUri native uri.js:442"
snapshot-code-name,116129,"Builtin:LoadIC_Initialize"
snapshot-code-name,116690,"Script:native runtime.js"
snapshot-code-name,117757,"LazyCompile:EQUALS native runtime.js:54"
snapshot-code-name,123253,"LazyCompile:STRICT_EQUALS native runtime.js:108"
snapshot-code-name,123900,"LazyCompile:COMPARE native runtime.js:128"
snapshot-code-name,125337,"LazyCompile:ADD native runtime.js:171"
snapshot-code-name,126391,"LazyCompile:STRING_ADD_LEFT native runtime.js:191"
snapshot-code-name,127281,"LazyCompile:STRING_ADD_RIGHT native runtime.js:206"
snapshot-code-name,128206,"LazyCompile:SUB native runtime.js:222"
snapshot-code-name,128819,"LazyCompile:MUL native runtime.js:230"
snapshot-code-name,129400,"LazyCompile:DIV native runtime.js:238"
snapshot-code-name,129981,"LazyCompile:MOD native runtime.js:246"
snapshot-code-name,130568,"LazyCompile:BIT_OR native runtime.js:260"
snapshot-code-name,131155,"LazyCompile:BIT_AND native runtime.js:268"
snapshot-code-name,131848,"LazyCompile:BIT_XOR native runtime.js:290"
snapshot-code-name,132439,"LazyCompile:UNARY_MINUS native runtime.js:298"
snapshot-code-name,132937,"LazyCompile:BIT_NOT native runtime.js:305"
snapshot-code-name,133431,"LazyCompile:SHL native runtime.js:312"
snapshot-code-name,134014,"LazyCompile:SAR native runtime.js:320"
snapshot-code-name,134703,"LazyCompile:SHR native runtime.js:342"
snapshot-code-name,135290,"LazyCompile:DELETE native runtime.js:356"
snapshot-code-name,135829,"LazyCompile:IN native runtime.js:362"
snapshot-code-name,136596,"LazyCompile:INSTANCE_OF native runtime.js:375"
snapshot-code-name,137617,"Builtin:KeyedLoadIC_Initialize"
snapshot-code-name,138006,"LazyCompile:FILTER_KEY native runtime.js:406"
snapshot-code-name,138521,"LazyCompile:CALL_NON_FUNCTION native runtime.js:413"
snapshot-code-name,139315,"LazyCompile:CALL_NON_FUNCTION_AS_CONSTRUCTOR native runtime.js:422"
snapshot-code-name,140065,"LazyCompile:CALL_FUNCTION_PROXY native runtime.js:431"
snapshot-code-name,140657,"LazyCompile:CALL_FUNCTION_PROXY_AS_CONSTRUCTOR native runtime.js:439"
snapshot-code-name,141205,"LazyCompile:APPLY_PREPARE native runtime.js:446"
snapshot-code-name,142909,"LazyCompile:APPLY_OVERFLOW native runtime.js:484"
snapshot-code-name,143433,"LazyCompile:TO_OBJECT native runtime.js:490"
snapshot-code-name,143837,"LazyCompile:TO_NUMBER native runtime.js:496"
snapshot-code-name,144241,"LazyCompile:TO_STRING native runtime.js:502"
snapshot-code-name,144625,"LazyCompile:ToPrimitive native runtime.js:514"
snapshot-code-name,145642,"LazyCompile:ToBoolean native runtime.js:526"
snapshot-code-name,146357,"LazyCompile:ToNumber native runtime.js:536"
snapshot-code-name,147271,"LazyCompile:ToString native runtime.js:561"
snapshot-code-name,148059,"LazyCompile:ToName native runtime.js:578"
snapshot-code-name,149715,"Script:native regexp.js"
snapshot-code-name,152494,"LazyCompile:RegExpConstructor native regexp.js:90"
snapshot-code-name,154431,"LazyCompile:RegExpMakeCaptureGetter native regexp.js:360"
snapshot-code-name,155037,"LazyCompile:SetUpRegExp native regexp.js:400"
snapshot-code-name,159162,"Script:native math.js"
snapshot-code-name,159728,"LazyCompile:MathConstructor native math.js:40"
snapshot-code-name,163634,"LazyCompile:SetUpMath native math.js:226"
snapshot-code-name,166341,"Script:native date.js"
snapshot-code-name,171541,"LazyCompile:DateConstructor native date.js:141"
snapshot-code-name,173539,"Builtin:StoreIC_Initialize"
snapshot-code-name,181215,"LazyCompile:SetUpDate native date.js:761"
snapshot-code-name,185303,"Script:native string.js"
snapshot-code-name,185931,"LazyCompile:StringConstructor native string.js:35"
snapshot-code-name,195645,"LazyCompile:SetUpString native string.js:962"
snapshot-code-name,198322,"Script:native json.js"
snapshot-code-name,200448,"LazyCompile:SetUpJSON native json.js:219"
snapshot-code-name,201329,"Script:native array.js"
snapshot-code-name,212856,"LazyCompile:SetUpArray native array.js:1591"
snapshot-code-name,216320,"LazyCompile:SetUpArray.b native array.js:1605"
snapshot-code-name,218185,"Script:native v8natives.js"
snapshot-code-name,219646,"LazyCompile:InstallFunctions native v8natives.js:46"
snapshot-code-name,228258,"LazyCompile:InstallGetterSetter native v8natives.js:72"
snapshot-code-name,228897,"LazyCompile:SetUpLockedPrototype native v8natives.js:87"
snapshot-code-name,230925,"LazyCompile:SetUpGlobal native v8natives.js:197"
snapshot-code-name,232239,"LazyCompile:hasOwnProperty native v8natives.js:251"
snapshot-code-name,238403,"LazyCompile:ObjectConstructor native v8natives.js:1371"
snapshot-code-name,239010,"LazyCompile:SetUpObject native v8natives.js:1385"
snapshot-code-name,241252,"LazyCompile:BooleanConstructor native v8natives.js:1437"
snapshot-code-name,242022,"LazyCompile:SetUpBoolean native v8natives.js:1472"
snapshot-code-name,242986,"LazyCompile:NumberConstructor native v8natives.js:1491"
snapshot-code-name,244389,"LazyCompile:SetUpNumber native v8natives.js:1635"
snapshot-code-name,246920,"LazyCompile:FunctionConstructor native v8natives.js:1813"
snapshot-code-name,247742,"LazyCompile:SetUpFunction native v8natives.js:1826"
snapshot-code-name,251471,"Script:native messages.js"
snapshot-code-name,254240,"LazyCompile:FormatString native messages.js:187"
snapshot-code-name,262329,"LazyCompile:MakeGenericError native messages.js:282"
snapshot-code-name,262915,"LazyCompile:FormatMessage native messages.js:301"
snapshot-code-name,263795,"LazyCompile:MakeRangeError native messages.js:335"
snapshot-code-name,268720,"LazyCompile:captureStackTrace native messages.js:1138"
snapshot-code-name,269999,"LazyCompile:SetUpError native messages.js:1178"
snapshot-code-name,270700,"LazyCompile:SetUpError.a native messages.js:1181"
snapshot-code-name,271756,"LazyCompile:d native messages.js:1197"
snapshot-code-name,272277,"LazyCompile: native messages.js:1207"
snapshot-code-name,274479,"LazyCompile:SetUpStackOverflowBoilerplate native messages.js:1306"
snapshot-code-name,293140,"LazyCompile: native messages.js:294"
snapshot-code-name,295696,"Script:native apinatives.js"
snapshot-code-name,296924,"Builtin:Illegal"
snapshot-code-name,297054,"Builtin:InternalArrayCodeGeneric"
snapshot-code-name,297181,"Builtin:ArrayCodeGeneric"
snapshot-code-name,297308,"Builtin:ArrayPush"
snapshot-code-name,297435,"Builtin:ArrayPop"
snapshot-code-name,297562,"Builtin:ArrayShift"
snapshot-code-name,297689,"Builtin:ArrayUnshift"
snapshot-code-name,297816,"Builtin:ArraySlice"
snapshot-code-name,297943,"Builtin:ArraySplice"
snapshot-code-name,298070,"Builtin:ArrayConcat"
snapshot-code-name,298197,"Builtin:HandleApiCall"
snapshot-code-name,298324,"Builtin:HandleApiCallConstruct"
snapshot-code-name,298451,"Builtin:HandleApiCallAsFunction"
snapshot-code-name,298578,"Builtin:HandleApiCallAsConstructor"
snapshot-code-name,298705,"Builtin:StrictModePoisonPill"
snapshot-code-name,298836,"Builtin:InRecompileQueue"
snapshot-code-name,298950,"Builtin:InstallRecompiledCode"
snapshot-code-name,299113,"Builtin:JSConstructStubCountdown"
snapshot-code-name,299739,"Builtin:JSConstructStubApi"
snapshot-code-name,300243,"Builtin:JSEntryTrampoline"
snapshot-code-name,300433,"Builtin:JSConstructEntryTrampoline"
snapshot-code-name,300626,"Builtin:LazyRecompile"
snapshot-code-name,300788,"Builtin:ParallelRecompile"
snapshot-code-name,300950,"Builtin:NotifyDeoptimized"
snapshot-code-name,301158,"Builtin:NotifySoftDeoptimized"
snapshot-code-name,301366,"Builtin:NotifyLazyDeoptimized"
snapshot-code-name,301574,"Builtin:NotifyStubFailure"
snapshot-code-name,301704,"Builtin:NotifyOSR"
snapshot-code-name,301838,"Builtin:KeyedLoadIC_Miss"
snapshot-code-name,301965,"Builtin:KeyedLoadIC_MissForceGeneric"
snapshot-code-name,302092,"Builtin:KeyedLoadIC_Slow"
snapshot-code-name,302219,"Builtin:StoreIC_Miss"
snapshot-code-name,302346,"Builtin:StoreIC_Slow"
snapshot-code-name,302473,"Builtin:KeyedStoreIC_Miss"
snapshot-code-name,302600,"Builtin:KeyedStoreIC_MissForceGeneric"
snapshot-code-name,302727,"Builtin:KeyedStoreIC_Slow"
snapshot-code-name,302857,"Builtin:LoadIC_PreMonomorphic"
snapshot-code-name,302985,"Builtin:LoadIC_Normal"
snapshot-code-name,303354,"Builtin:LoadIC_Megamorphic"
snapshot-code-name,303721,"Builtin:LoadIC_Getter_ForDeopt"
snapshot-code-name,303841,"Builtin:LoadIC_Slow"
snapshot-code-name,303971,"Builtin:KeyedLoadIC_PreMonomorphic"
snapshot-code-name,304099,"Builtin:KeyedLoadIC_Generic"
snapshot-code-name,305120,"Builtin:KeyedLoadIC_String"
snapshot-code-name,305792,"Builtin:KeyedLoadIC_IndexedInterceptor"
snapshot-code-name,305998,"Builtin:KeyedLoadIC_NonStrictArguments"
snapshot-code-name,306273,"Builtin:StoreIC_Normal"
snapshot-code-name,306712,"Builtin:StoreIC_Megamorphic"
snapshot-code-name,307120,"Builtin:StoreIC_Generic"
snapshot-code-name,307247,"Builtin:StoreIC_Generic_Strict"
snapshot-code-name,307374,"Builtin:StoreIC_GlobalProxy"
snapshot-code-name,307501,"Builtin:StoreIC_Initialize_Strict"
snapshot-code-name,307629,"Builtin:StoreIC_Normal_Strict"
snapshot-code-name,308068,"Builtin:StoreIC_Megamorphic_Strict"
snapshot-code-name,308476,"Builtin:StoreIC_GlobalProxy_Strict"
snapshot-code-name,308603,"Builtin:StoreIC_Setter_ForDeopt"
snapshot-code-name,308723,"Builtin:KeyedStoreIC_Initialize"
snapshot-code-name,308851,"Builtin:KeyedStoreIC_Generic"
snapshot-code-name,311339,"Builtin:KeyedStoreIC_Initialize_Strict"
snapshot-code-name,311467,"Builtin:KeyedStoreIC_Generic_Strict"
snapshot-code-name,313956,"Builtin:KeyedStoreIC_NonStrictArguments"
snapshot-code-name,314300,"Builtin:FunctionCall"
snapshot-code-name,314741,"Builtin:FunctionApply"
snapshot-code-name,315217,"Builtin:InternalArrayCode"
snapshot-code-name,315339,"Builtin:ArrayCode"
snapshot-code-name,315464,"Builtin:StringConstructCode"
snapshot-code-name,315927,"Builtin:OnStackReplacement"
snapshot-code-name,316370,"Builtin:MakeQuadragenarianCodeYoungAgainOddMarking"
snapshot-code-name,316523,"Builtin:MakeQuadragenarianCodeYoungAgainEvenMarking"
snapshot-code-name,316676,"Builtin:MakeQuinquagenarianCodeYoungAgainOddMarking"
snapshot-code-name,316829,"Builtin:MakeQuinquagenarianCodeYoungAgainEvenMarking"
snapshot-code-name,316982,"Builtin:MakeSexagenarianCodeYoungAgainOddMarking"
snapshot-code-name,317135,"Builtin:MakeSexagenarianCodeYoungAgainEvenMarking"
snapshot-code-name,317288,"Builtin:MakeSeptuagenarianCodeYoungAgainOddMarking"
snapshot-code-name,317441,"Builtin:MakeSeptuagenarianCodeYoungAgainEvenMarking"
snapshot-code-name,317594,"Builtin:MakeOctogenarianCodeYoungAgainOddMarking"
snapshot-code-name,317747,"Builtin:MakeOctogenarianCodeYoungAgainEvenMarking"
snapshot-code-name,317903,"Builtin:CallFunctionStub_DebugBreak"
snapshot-code-name,318072,"Builtin:CallFunctionStub_Recording_DebugBreak"
snapshot-code-name,318241,"Builtin:CallConstructStub_DebugBreak"
snapshot-code-name,318410,"Builtin:CallConstructStub_Recording_DebugBreak"
snapshot-code-name,318579,"Builtin:LoadIC_DebugBreak"
snapshot-code-name,318748,"Builtin:KeyedLoadIC_DebugBreak"
snapshot-code-name,318917,"Builtin:StoreIC_DebugBreak"
snapshot-code-name,319086,"Builtin:KeyedStoreIC_DebugBreak"
snapshot-code-name,319255,"Builtin:CompareNilIC_DebugBreak"
snapshot-code-name,319427,"Builtin:PlainReturn_LiveEdit"
snapshot-code-name,319541,"Builtin:FrameDropper_LiveEdit"
snapshot-code-name,325487,"Function:whats_the_meaning_of_life secret/secret.bin:1"
